app/build/intermediates/manifest_merge_blame_file/debug/manifest-merger-blame-debug-report.txt
1<?xml version="1.0" encoding="utf-8"?>
2<manifest xmlns:android="http://schemas.android.com/apk/res/android"
3    package="com.example.dhp2"
4    android:versionCode="1"
5    android:versionName="1.0" >
6
7    <uses-sdk
8        android:minSdkVersion="24"
9        android:targetSdkVersion="33" />
10
11    <permission
11-->[androidx.core:core:1.9.0] AndroidManifest.xml:22:5-24:47
12        android:name="com.example.dhp2.DYNAMIC_RECEIVER_NOT_EXPORTED_PERMISSION"
12-->[androidx.core:core:1.9.0] AndroidManifest.xml:23:9-81
13        android:protectionLevel="signature" />
13-->[androidx.core:core:1.9.0] AndroidManifest.xml:24:9-44
14
15    <uses-permission android:name="com.example.dhp2.DYNAMIC_RECEIVER_NOT_EXPORTED_PERMISSION" />
15-->[androidx.core:core:1.9.0] AndroidManifest.xml:26:5-97
15-->[androidx.core:core:1.9.0] AndroidManifest.xml:26:22-94
16
17    <application
17-->src/main/AndroidManifest.xml:5:5-55:19
18        android:allowBackup="true"
18-->src/main/AndroidManifest.xml:6:9-35
19        android:appComponentFactory="androidx.core.app.CoreComponentFactory"
19-->[androidx.core:core:1.9.0] AndroidManifest.xml:28:18-86
20        android:dataExtractionRules="@xml/data_extraction_rules"
20-->src/main/AndroidManifest.xml:7:9-65
21        android:debuggable="true"
22        android:extractNativeLibs="false"
23        android:fullBackupContent="@xml/backup_rules"
23-->src/main/AndroidManifest.xml:8:9-54
24        android:icon="@mipmap/ic_launcher"
24-->src/main/AndroidManifest.xml:9:9-43
25        android:label="@string/app_name"
25-->src/main/AndroidManifest.xml:10:9-41
26        android:roundIcon="@mipmap/ic_launcher_round"
26-->src/main/AndroidManifest.xml:11:9-54
27        android:supportsRtl="true"
27-->src/main/AndroidManifest.xml:12:9-35
28        android:testOnly="true"
29        android:theme="@style/Theme.DHP2" >
29-->src/main/AndroidManifest.xml:13:9-42
30        <activity
30-->src/main/AndroidManifest.xml:15:9-21:20
31            android:name="com.example.dhp2.LoginActivity"
31-->src/main/AndroidManifest.xml:15:19-64
32            android:exported="true" >
32-->src/main/AndroidManifest.xml:16:13-36
33            <intent-filter>
33-->src/main/AndroidManifest.xml:17:13-20:29
34                <action android:name="android.intent.action.MAIN" />
34-->src/main/AndroidManifest.xml:18:17-69
34-->src/main/AndroidManifest.xml:18:25-66
35
36                <category android:name="android.intent.category.LAUNCHER" />
36-->src/main/AndroidManifest.xml:19:17-77
36-->src/main/AndroidManifest.xml:19:27-74
37            </intent-filter>
38        </activity>
39        <activity
39-->src/main/AndroidManifest.xml:23:9-26:20
40            android:name="com.example.dhp2.ExerciseActivity"
40-->src/main/AndroidManifest.xml:24:13-45
41            android:label="" >
41-->src/main/AndroidManifest.xml:25:13-29
42        </activity>
43        <activity
43-->src/main/AndroidManifest.xml:27:9-30:20
44            android:name="com.example.dhp2.AssessmentActivity"
44-->src/main/AndroidManifest.xml:28:13-47
45            android:label="" >
45-->src/main/AndroidManifest.xml:29:13-29
46        </activity>
47        <activity
47-->src/main/AndroidManifest.xml:31:9-34:20
48            android:name="com.example.dhp2.MilestoneActivity"
48-->src/main/AndroidManifest.xml:32:13-46
49            android:label="" >
49-->src/main/AndroidManifest.xml:33:13-29
50        </activity>
51        <activity
51-->src/main/AndroidManifest.xml:36:9-39:20
52            android:name="com.example.dhp2.SignUpActivity"
52-->src/main/AndroidManifest.xml:37:13-43
53            android:label="" >
53-->src/main/AndroidManifest.xml:38:13-29
54        </activity>
55        <activity
55-->src/main/AndroidManifest.xml:41:9-44:20
56            android:name="com.example.dhp2.AchievementActivity"
56-->src/main/AndroidManifest.xml:42:13-48
57            android:label="Achievements" >
57-->src/main/AndroidManifest.xml:43:13-41
58        </activity>
59        <activity
59-->src/main/AndroidManifest.xml:46:9-54:20
60            android:name="com.example.dhp2.MainActivity"
60-->src/main/AndroidManifest.xml:47:13-41
61            android:exported="true"
61-->src/main/AndroidManifest.xml:48:13-36
62            android:label="@string/app_name"
62-->src/main/AndroidManifest.xml:49:13-45
63            android:theme="@style/Theme.DHP2.NoActionBar" >
63-->src/main/AndroidManifest.xml:50:13-58
64            <intent-filter>
64-->src/main/AndroidManifest.xml:51:13-53:29
65                <action android:name="android.intent.action.MAIN" />
65-->src/main/AndroidManifest.xml:18:17-69
65-->src/main/AndroidManifest.xml:18:25-66
66            </intent-filter>
67        </activity>
68        <activity
68-->[com.google.android.gms:play-services-auth:19.2.0] AndroidManifest.xml:23:9-27:75
69            android:name="com.google.android.gms.auth.api.signin.internal.SignInHubActivity"
69-->[com.google.android.gms:play-services-auth:19.2.0] AndroidManifest.xml:24:13-93
70            android:excludeFromRecents="true"
70-->[com.google.android.gms:play-services-auth:19.2.0] AndroidManifest.xml:25:13-46
71            android:exported="false"
71-->[com.google.android.gms:play-services-auth:19.2.0] AndroidManifest.xml:26:13-37
72            android:theme="@android:style/Theme.Translucent.NoTitleBar" />
72-->[com.google.android.gms:play-services-auth:19.2.0] AndroidManifest.xml:27:13-72
73        <!--
74            Service handling Google Sign-In user revocation. For apps that do not integrate with
75            Google Sign-In, this service will never be started.
76        -->
77        <service
77-->[com.google.android.gms:play-services-auth:19.2.0] AndroidManifest.xml:33:9-37:51
78            android:name="com.google.android.gms.auth.api.signin.RevocationBoundService"
78-->[com.google.android.gms:play-services-auth:19.2.0] AndroidManifest.xml:34:13-89
79            android:exported="true"
79-->[com.google.android.gms:play-services-auth:19.2.0] AndroidManifest.xml:35:13-36
80            android:permission="com.google.android.gms.auth.api.signin.permission.REVOCATION_NOTIFICATION"
80-->[com.google.android.gms:play-services-auth:19.2.0] AndroidManifest.xml:36:13-107
81            android:visibleToInstantApps="true" />
81-->[com.google.android.gms:play-services-auth:19.2.0] AndroidManifest.xml:37:13-48
82
83        <activity
83-->[com.google.android.gms:play-services-base:17.5.0] AndroidManifest.xml:23:9-26:75
84            android:name="com.google.android.gms.common.api.GoogleApiActivity"
84-->[com.google.android.gms:play-services-base:17.5.0] AndroidManifest.xml:24:13-79
85            android:exported="false"
85-->[com.google.android.gms:play-services-base:17.5.0] AndroidManifest.xml:25:13-37
86            android:theme="@android:style/Theme.Translucent.NoTitleBar" />
86-->[com.google.android.gms:play-services-base:17.5.0] AndroidManifest.xml:26:13-72
87
88        <meta-data
88-->[com.google.android.gms:play-services-basement:17.5.0] AndroidManifest.xml:23:9-25:69
89            android:name="com.google.android.gms.version"
89-->[com.google.android.gms:play-services-basement:17.5.0] AndroidManifest.xml:24:13-58
90            android:value="@integer/google_play_services_version" />
90-->[com.google.android.gms:play-services-basement:17.5.0] AndroidManifest.xml:25:13-66
91
92        <provider
92-->[androidx.emoji2:emoji2:1.2.0] AndroidManifest.xml:24:9-32:20
93            android:name="androidx.startup.InitializationProvider"
93-->[androidx.emoji2:emoji2:1.2.0] AndroidManifest.xml:25:13-67
94            android:authorities="com.example.dhp2.androidx-startup"
94-->[androidx.emoji2:emoji2:1.2.0] AndroidManifest.xml:26:13-68
95            android:exported="false" >
95-->[androidx.emoji2:emoji2:1.2.0] AndroidManifest.xml:27:13-37
96            <meta-data
96-->[androidx.emoji2:emoji2:1.2.0] AndroidManifest.xml:29:13-31:52
97                android:name="androidx.emoji2.text.EmojiCompatInitializer"
97-->[androidx.emoji2:emoji2:1.2.0] AndroidManifest.xml:30:17-75
98                android:value="androidx.startup" />
98-->[androidx.emoji2:emoji2:1.2.0] AndroidManifest.xml:31:17-49
99            <meta-data
99-->[androidx.lifecycle:lifecycle-process:2.6.2] AndroidManifest.xml:29:13-31:52
100                android:name="androidx.lifecycle.ProcessLifecycleInitializer"
100-->[androidx.lifecycle:lifecycle-process:2.6.2] AndroidManifest.xml:30:17-78
101                android:value="androidx.startup" />
101-->[androidx.lifecycle:lifecycle-process:2.6.2] AndroidManifest.xml:31:17-49
102            <meta-data
102-->[androidx.profileinstaller:profileinstaller:1.3.0] AndroidManifest.xml:29:13-31:52
103                android:name="androidx.profileinstaller.ProfileInstallerInitializer"
103-->[androidx.profileinstaller:profileinstaller:1.3.0] AndroidManifest.xml:30:17-85
104                android:value="androidx.startup" />
104-->[androidx.profileinstaller:profileinstaller:1.3.0] AndroidManifest.xml:31:17-49
105        </provider>
106
107        <uses-library
107-->[androidx.window:window:1.0.0] AndroidManifest.xml:25:9-27:40
108            android:name="androidx.window.extensions"
108-->[androidx.window:window:1.0.0] AndroidManifest.xml:26:13-54
109            android:required="false" />
109-->[androidx.window:window:1.0.0] AndroidManifest.xml:27:13-37
110        <uses-library
110-->[androidx.window:window:1.0.0] AndroidManifest.xml:28:9-30:40
111            android:name="androidx.window.sidecar"
111-->[androidx.window:window:1.0.0] AndroidManifest.xml:29:13-51
112            android:required="false" />
112-->[androidx.window:window:1.0.0] AndroidManifest.xml:30:13-37
113
114        <receiver
114-->[androidx.profileinstaller:profileinstaller:1.3.0] AndroidManifest.xml:34:9-52:20
115            android:name="androidx.profileinstaller.ProfileInstallReceiver"
115-->[androidx.profileinstaller:profileinstaller:1.3.0] AndroidManifest.xml:35:13-76
116            android:directBootAware="false"
116-->[androidx.profileinstaller:profileinstaller:1.3.0] AndroidManifest.xml:36:13-44
117            android:enabled="true"
117-->[androidx.profileinstaller:profileinstaller:1.3.0] AndroidManifest.xml:37:13-35
118            android:exported="true"
118-->[androidx.profileinstaller:profileinstaller:1.3.0] AndroidManifest.xml:38:13-36
119            android:permission="android.permission.DUMP" >
119-->[androidx.profileinstaller:profileinstaller:1.3.0] AndroidManifest.xml:39:13-57
120            <intent-filter>
120-->[androidx.profileinstaller:profileinstaller:1.3.0] AndroidManifest.xml:40:13-42:29
121                <action android:name="androidx.profileinstaller.action.INSTALL_PROFILE" />
121-->[androidx.profileinstaller:profileinstaller:1.3.0] AndroidManifest.xml:41:17-91
121-->[androidx.profileinstaller:profileinstaller:1.3.0] AndroidManifest.xml:41:25-88
122            </intent-filter>
123            <intent-filter>
123-->[androidx.profileinstaller:profileinstaller:1.3.0] AndroidManifest.xml:43:13-45:29
124                <action android:name="androidx.profileinstaller.action.SKIP_FILE" />
124-->[androidx.profileinstaller:profileinstaller:1.3.0] AndroidManifest.xml:44:17-85
124-->[androidx.profileinstaller:profileinstaller:1.3.0] AndroidManifest.xml:44:25-82
125            </intent-filter>
126            <intent-filter>
126-->[androidx.profileinstaller:profileinstaller:1.3.0] AndroidManifest.xml:46:13-48:29
127                <action android:name="androidx.profileinstaller.action.SAVE_PROFILE" />
127-->[androidx.profileinstaller:profileinstaller:1.3.0] AndroidManifest.xml:47:17-88
127-->[androidx.profileinstaller:profileinstaller:1.3.0] AndroidManifest.xml:47:25-85
128            </intent-filter>
129            <intent-filter>
129-->[androidx.profileinstaller:profileinstaller:1.3.0] AndroidManifest.xml:49:13-51:29
130                <action android:name="androidx.profileinstaller.action.BENCHMARK_OPERATION" />
130-->[androidx.profileinstaller:profileinstaller:1.3.0] AndroidManifest.xml:50:17-95
130-->[androidx.profileinstaller:profileinstaller:1.3.0] AndroidManifest.xml:50:25-92
131            </intent-filter>
132        </receiver>
133    </application>
134
135</manifest>